<?xml version="1.0" encoding="UTF-8"?>
<!-- Generated by org.testng.reporters.JUnitReportReporter -->
<testsuite hostname="DESKTOP-7VEO2OS" failures="0" tests="1" name="com.automation.testcases.LoginTest" time="3.374" errors="0" timestamp="18 Feb 2020 16:28:00 GMT">
  <testcase classname="com.automation.testcases.LoginTest" name="loginTest" time="3.374"/>
</testsuite> <!-- com.automation.testcases.LoginTest -->
